<?xml version="1.0" encoding="UTF-8"?>
<testsuite name="Calculator" tests="2" errors="0" failures="0" skipped="0" time="0.039">
<testcase classname="Calculator" name="User can clear the display" time="0.003">
</testcase>
<testcase classname="Calculator" name="User can calculate two numbers" time="0.009">
</testcase>
</testsuite>
